mode: set
chat_distribuido/controladores/admin_controller.go:27.41,30.47 2 0
chat_distribuido/controladores/admin_controller.go:30.47,33.3 2 0
chat_distribuido/controladores/admin_controller.go:36.2,36.42 1 0
chat_distribuido/controladores/admin_controller.go:36.42,39.3 2 0
chat_distribuido/controladores/admin_controller.go:42.2,46.22 3 0
chat_distribuido/controladores/admin_controller.go:46.22,48.3 1 0
chat_distribuido/controladores/admin_controller.go:51.2,52.24 2 0
chat_distribuido/controladores/admin_controller.go:52.24,54.3 1 0
chat_distribuido/controladores/admin_controller.go:57.2,68.16 4 0
chat_distribuido/controladores/admin_controller.go:68.16,71.3 2 0
chat_distribuido/controladores/admin_controller.go:73.2,80.4 1 0
chat_distribuido/controladores/admin_controller.go:84.40,87.13 2 0
chat_distribuido/controladores/admin_controller.go:87.13,90.3 2 0
chat_distribuido/controladores/admin_controller.go:92.2,93.18 2 0
chat_distribuido/controladores/admin_controller.go:93.18,96.3 2 0
chat_distribuido/controladores/admin_controller.go:98.2,99.47 2 0
chat_distribuido/controladores/admin_controller.go:99.47,102.3 2 0
chat_distribuido/controladores/admin_controller.go:105.2,108.16 4 0
chat_distribuido/controladores/admin_controller.go:108.16,109.34 1 0
chat_distribuido/controladores/admin_controller.go:109.34,111.4 1 0
chat_distribuido/controladores/admin_controller.go:111.9,113.4 1 0
chat_distribuido/controladores/admin_controller.go:114.3,114.9 1 0
chat_distribuido/controladores/admin_controller.go:118.2,119.20 2 0
chat_distribuido/controladores/admin_controller.go:119.20,120.45 1 0
chat_distribuido/controladores/admin_controller.go:120.45,123.4 2 0
chat_distribuido/controladores/admin_controller.go:124.3,124.27 1 0
chat_distribuido/controladores/admin_controller.go:126.2,126.21 1 0
chat_distribuido/controladores/admin_controller.go:126.21,127.56 1 0
chat_distribuido/controladores/admin_controller.go:127.56,130.4 2 0
chat_distribuido/controladores/admin_controller.go:131.3,131.29 1 0
chat_distribuido/controladores/admin_controller.go:133.2,133.28 1 0
chat_distribuido/controladores/admin_controller.go:133.28,134.27 1 0
chat_distribuido/controladores/admin_controller.go:134.27,137.4 2 0
chat_distribuido/controladores/admin_controller.go:138.3,138.45 1 0
chat_distribuido/controladores/admin_controller.go:140.2,140.23 1 0
chat_distribuido/controladores/admin_controller.go:140.23,142.3 1 0
chat_distribuido/controladores/admin_controller.go:145.2,148.22 3 0
chat_distribuido/controladores/admin_controller.go:148.22,151.3 2 0
chat_distribuido/controladores/admin_controller.go:154.2,160.16 2 0
chat_distribuido/controladores/admin_controller.go:160.16,163.3 2 0
chat_distribuido/controladores/admin_controller.go:165.2,165.31 1 0
chat_distribuido/controladores/admin_controller.go:165.31,168.3 2 0
chat_distribuido/controladores/admin_controller.go:170.2,173.4 1 0
chat_distribuido/controladores/admin_controller.go:177.40,180.13 2 0
chat_distribuido/controladores/admin_controller.go:180.13,183.3 2 0
chat_distribuido/controladores/admin_controller.go:185.2,186.18 2 0
chat_distribuido/controladores/admin_controller.go:186.18,189.3 2 0
chat_distribuido/controladores/admin_controller.go:192.2,193.19 2 0
chat_distribuido/controladores/admin_controller.go:193.19,199.3 2 0
chat_distribuido/controladores/admin_controller.go:202.2,205.16 3 0
chat_distribuido/controladores/admin_controller.go:205.16,208.3 2 0
chat_distribuido/controladores/admin_controller.go:210.2,210.30 1 0
chat_distribuido/controladores/admin_controller.go:210.30,213.3 2 0
chat_distribuido/controladores/admin_controller.go:216.2,221.4 3 0
chat_distribuido/controladores/admin_controller.go:225.39,228.13 2 0
chat_distribuido/controladores/admin_controller.go:228.13,231.3 2 0
chat_distribuido/controladores/admin_controller.go:233.2,235.16 3 0
chat_distribuido/controladores/admin_controller.go:235.16,238.3 2 0
chat_distribuido/controladores/admin_controller.go:239.2,242.63 3 0
chat_distribuido/controladores/admin_controller.go:242.63,245.3 2 0
chat_distribuido/controladores/admin_controller.go:247.2,250.4 1 0
chat_distribuido/controladores/admin_controller.go:253.30,257.2 3 0
chat_distribuido/controladores/login_controller.go:25.36,27.47 2 0
chat_distribuido/controladores/login_controller.go:27.47,30.3 2 0
chat_distribuido/controladores/login_controller.go:33.2,37.16 4 0
chat_distribuido/controladores/login_controller.go:37.16,40.3 2 0
chat_distribuido/controladores/login_controller.go:43.2,43.84 1 0
chat_distribuido/controladores/login_controller.go:43.84,46.3 2 0
chat_distribuido/controladores/login_controller.go:49.2,50.16 2 0
chat_distribuido/controladores/login_controller.go:50.16,53.3 2 0
chat_distribuido/controladores/login_controller.go:55.2,62.4 2 0
chat_distribuido/controladores/login_controller.go:66.29,68.2 1 0
chat_distribuido/controladores/salas_controller.go:24.29,26.2 1 0
chat_distribuido/controladores/salas_controller.go:53.83,57.16 4 0
chat_distribuido/controladores/salas_controller.go:57.16,59.3 1 0
chat_distribuido/controladores/salas_controller.go:61.2,61.21 1 0
chat_distribuido/controladores/salas_controller.go:61.21,63.3 1 0
chat_distribuido/controladores/salas_controller.go:65.2,65.19 1 0
chat_distribuido/controladores/salas_controller.go:68.50,69.16 1 0
chat_distribuido/controladores/salas_controller.go:69.16,71.3 1 0
chat_distribuido/controladores/salas_controller.go:73.2,74.21 2 0
chat_distribuido/controladores/salas_controller.go:74.21,76.3 1 0
chat_distribuido/controladores/salas_controller.go:77.2,77.12 1 0
chat_distribuido/controladores/salas_controller.go:84.40,86.2 1 1
chat_distribuido/controladores/salas_controller.go:89.39,92.25 2 1
chat_distribuido/controladores/salas_controller.go:92.25,95.19 2 1
chat_distribuido/controladores/salas_controller.go:95.19,97.4 1 1
chat_distribuido/controladores/salas_controller.go:100.2,101.19 2 1
chat_distribuido/controladores/salas_controller.go:101.19,103.3 1 1
chat_distribuido/controladores/salas_controller.go:105.2,107.17 2 1
chat_distribuido/controladores/salas_controller.go:107.17,109.3 1 1
chat_distribuido/controladores/salas_controller.go:111.2,111.11 1 1
chat_distribuido/controladores/salas_controller.go:115.88,119.16 4 0
chat_distribuido/controladores/salas_controller.go:119.16,121.3 1 0
chat_distribuido/controladores/salas_controller.go:122.2,122.22 1 0
chat_distribuido/controladores/salas_controller.go:126.91,142.2 4 0
chat_distribuido/controladores/salas_controller.go:144.82,153.2 4 0
chat_distribuido/controladores/salas_controller.go:155.72,165.58 5 0
chat_distribuido/controladores/salas_controller.go:165.58,168.3 2 0
chat_distribuido/controladores/salas_controller.go:170.2,170.17 1 0
chat_distribuido/controladores/salas_controller.go:173.134,175.30 1 0
chat_distribuido/controladores/salas_controller.go:175.30,176.68 1 0
chat_distribuido/controladores/salas_controller.go:176.68,178.4 1 0
chat_distribuido/controladores/salas_controller.go:179.3,179.33 1 0
chat_distribuido/controladores/salas_controller.go:183.2,183.64 1 0
chat_distribuido/controladores/salas_controller.go:183.64,184.74 1 0
chat_distribuido/controladores/salas_controller.go:184.74,186.4 1 0
chat_distribuido/controladores/salas_controller.go:187.3,187.53 1 0
chat_distribuido/controladores/salas_controller.go:190.2,190.52 1 0
chat_distribuido/controladores/salas_controller.go:197.40,199.2 1 1
chat_distribuido/controladores/salas_controller.go:201.107,217.16 5 0
chat_distribuido/controladores/salas_controller.go:217.16,219.3 1 0
chat_distribuido/controladores/salas_controller.go:221.2,221.22 1 0
chat_distribuido/controladores/salas_controller.go:224.40,226.47 2 0
chat_distribuido/controladores/salas_controller.go:226.47,229.3 2 0
chat_distribuido/controladores/salas_controller.go:231.2,231.16 1 0
chat_distribuido/controladores/salas_controller.go:231.16,234.3 2 0
chat_distribuido/controladores/salas_controller.go:236.2,237.16 2 0
chat_distribuido/controladores/salas_controller.go:237.16,238.34 1 0
chat_distribuido/controladores/salas_controller.go:238.34,240.4 1 0
chat_distribuido/controladores/salas_controller.go:240.9,242.4 1 0
chat_distribuido/controladores/salas_controller.go:243.3,243.9 1 0
chat_distribuido/controladores/salas_controller.go:246.2,246.59 1 0
chat_distribuido/controladores/salas_controller.go:246.59,249.3 2 0
chat_distribuido/controladores/salas_controller.go:251.2,255.44 3 0
chat_distribuido/controladores/salas_controller.go:255.44,257.39 2 0
chat_distribuido/controladores/salas_controller.go:257.39,262.4 2 0
chat_distribuido/controladores/salas_controller.go:266.2,269.18 3 0
chat_distribuido/controladores/salas_controller.go:269.18,270.93 1 0
chat_distribuido/controladores/salas_controller.go:270.93,278.4 3 0
chat_distribuido/controladores/salas_controller.go:281.2,290.16 8 0
chat_distribuido/controladores/salas_controller.go:290.16,297.104 4 0
chat_distribuido/controladores/salas_controller.go:297.104,302.4 2 0
chat_distribuido/controladores/salas_controller.go:305.3,306.17 2 0
chat_distribuido/controladores/salas_controller.go:306.17,307.51 1 0
chat_distribuido/controladores/salas_controller.go:307.51,309.5 1 0
chat_distribuido/controladores/salas_controller.go:309.10,311.5 1 0
chat_distribuido/controladores/salas_controller.go:312.4,312.10 1 0
chat_distribuido/controladores/salas_controller.go:316.3,327.17 3 0
chat_distribuido/controladores/salas_controller.go:327.17,330.4 2 0
chat_distribuido/controladores/salas_controller.go:332.8,332.40 1 0
chat_distribuido/controladores/salas_controller.go:332.40,338.17 3 0
chat_distribuido/controladores/salas_controller.go:338.17,339.51 1 0
chat_distribuido/controladores/salas_controller.go:339.51,341.5 1 0
chat_distribuido/controladores/salas_controller.go:341.10,343.5 1 0
chat_distribuido/controladores/salas_controller.go:344.4,344.10 1 0
chat_distribuido/controladores/salas_controller.go:347.3,360.17 4 0
chat_distribuido/controladores/salas_controller.go:360.17,363.4 2 0
chat_distribuido/controladores/salas_controller.go:365.8,368.3 2 0
chat_distribuido/controladores/salas_controller.go:371.2,372.16 2 0
chat_distribuido/controladores/salas_controller.go:372.16,375.3 2 0
chat_distribuido/controladores/salas_controller.go:377.2,386.54 2 0
chat_distribuido/controladores/salas_controller.go:386.54,389.3 2 0
chat_distribuido/controladores/salas_controller.go:389.8,391.3 1 0
chat_distribuido/controladores/salas_controller.go:393.2,393.33 1 0
chat_distribuido/controladores/salas_controller.go:395.80,403.16 3 0
chat_distribuido/controladores/salas_controller.go:403.16,405.3 1 0
chat_distribuido/controladores/salas_controller.go:406.2,409.68 3 0
chat_distribuido/controladores/salas_controller.go:409.68,411.3 1 0
chat_distribuido/controladores/salas_controller.go:413.2,414.29 2 0
chat_distribuido/controladores/salas_controller.go:414.29,419.3 1 0
chat_distribuido/controladores/salas_controller.go:421.2,421.18 1 0
chat_distribuido/controladores/salas_controller.go:424.39,430.47 2 0
chat_distribuido/controladores/salas_controller.go:430.47,433.3 2 0
chat_distribuido/controladores/salas_controller.go:435.2,458.30 10 0
chat_distribuido/controladores/salas_controller.go:458.30,461.3 2 0
chat_distribuido/controladores/salas_controller.go:463.2,463.16 1 0
chat_distribuido/controladores/salas_controller.go:463.16,466.3 2 0
chat_distribuido/controladores/salas_controller.go:468.2,471.4 1 0
chat_distribuido/controladores/salas_controller.go:474.48,480.47 2 0
chat_distribuido/controladores/salas_controller.go:480.47,483.3 2 0
chat_distribuido/controladores/salas_controller.go:485.2,495.45 4 0
chat_distribuido/controladores/salas_controller.go:495.45,498.3 2 0
chat_distribuido/controladores/salas_controller.go:499.2,502.4 1 0
chat_distribuido/controladores/salas_controller.go:506.42,516.2 3 0
chat_distribuido/controladores/salas_controller.go:518.33,519.16 1 0
chat_distribuido/controladores/salas_controller.go:519.16,522.3 2 0
chat_distribuido/controladores/salas_controller.go:524.2,528.16 4 0
chat_distribuido/controladores/salas_controller.go:528.16,531.3 2 0
chat_distribuido/controladores/salas_controller.go:532.2,535.63 3 0
chat_distribuido/controladores/salas_controller.go:535.63,538.3 2 0
chat_distribuido/controladores/salas_controller.go:540.2,541.29 2 0
chat_distribuido/controladores/salas_controller.go:541.29,548.3 1 0
chat_distribuido/controladores/salas_controller.go:550.2,550.33 1 0
chat_distribuido/controladores/salas_controller.go:553.30,557.2 3 1
chat_distribuido/controladores/salas_controller.go:559.41,561.18 2 0
chat_distribuido/controladores/salas_controller.go:561.18,564.3 2 0
chat_distribuido/controladores/salas_controller.go:566.2,573.16 6 0
chat_distribuido/controladores/salas_controller.go:573.16,576.3 2 0
chat_distribuido/controladores/salas_controller.go:577.2,580.66 3 0
chat_distribuido/controladores/salas_controller.go:580.66,583.3 2 0
chat_distribuido/controladores/salas_controller.go:587.2,587.57 1 0
chat_distribuido/controladores/salas_controller.go:587.57,589.3 1 0
chat_distribuido/controladores/salas_controller.go:591.2,591.21 1 0
chat_distribuido/controladores/salas_controller.go:591.21,593.3 1 0
chat_distribuido/controladores/salas_controller.go:595.2,595.33 1 0
chat_distribuido/controladores/upload_controller.go:21.40,24.18 2 0
chat_distribuido/controladores/upload_controller.go:24.18,27.3 2 0
chat_distribuido/controladores/upload_controller.go:29.2,30.20 2 0
chat_distribuido/controladores/upload_controller.go:30.20,32.3 1 0
chat_distribuido/controladores/upload_controller.go:34.2,35.16 2 0
chat_distribuido/controladores/upload_controller.go:35.16,38.3 2 0
chat_distribuido/controladores/upload_controller.go:39.2,42.31 2 0
chat_distribuido/controladores/upload_controller.go:42.31,45.3 2 0
chat_distribuido/controladores/upload_controller.go:48.2,86.24 4 0
chat_distribuido/controladores/upload_controller.go:86.24,89.3 2 0
chat_distribuido/controladores/upload_controller.go:92.2,98.23 5 0
chat_distribuido/controladores/upload_controller.go:98.23,100.3 1 0
chat_distribuido/controladores/upload_controller.go:103.2,103.27 1 0
chat_distribuido/controladores/upload_controller.go:103.27,106.3 2 0
chat_distribuido/controladores/upload_controller.go:108.2,111.16 2 0
chat_distribuido/controladores/upload_controller.go:111.16,115.3 3 0
chat_distribuido/controladores/upload_controller.go:117.2,120.16 2 0
chat_distribuido/controladores/upload_controller.go:120.16,129.3 1 0
chat_distribuido/controladores/upload_controller.go:131.2,135.4 1 0
chat_distribuido/controladores/upload_controller.go:138.37,144.27 3 0
chat_distribuido/controladores/upload_controller.go:144.27,147.3 2 0
chat_distribuido/controladores/upload_controller.go:150.2,151.16 2 0
chat_distribuido/controladores/upload_controller.go:151.16,154.3 2 0
chat_distribuido/controladores/upload_controller.go:155.2,159.16 3 0
chat_distribuido/controladores/upload_controller.go:159.16,162.3 2 0
chat_distribuido/controladores/upload_controller.go:164.2,166.4 1 0
chat_distribuido/controladores/web_socket_controller.go:17.42,19.3 1 0
chat_distribuido/controladores/web_socket_controller.go:22.43,24.18 2 0
chat_distribuido/controladores/web_socket_controller.go:24.18,27.3 2 0
chat_distribuido/controladores/web_socket_controller.go:30.2,33.36 3 0
chat_distribuido/controladores/web_socket_controller.go:33.36,34.75 1 0
chat_distribuido/controladores/web_socket_controller.go:34.75,36.4 1 0
chat_distribuido/controladores/web_socket_controller.go:39.2,39.37 1 0
chat_distribuido/controladores/web_socket_controller.go:39.37,40.76 1 0
chat_distribuido/controladores/web_socket_controller.go:40.76,42.4 1 0
chat_distribuido/controladores/web_socket_controller.go:46.2,47.16 2 0
chat_distribuido/controladores/web_socket_controller.go:47.16,50.3 2 0
chat_distribuido/controladores/web_socket_controller.go:52.2,55.4 1 0
chat_distribuido/controladores/web_socket_controller.go:58.56,63.54 4 0
chat_distribuido/controladores/web_socket_controller.go:63.54,66.3 2 0
chat_distribuido/controladores/web_socket_controller.go:68.2,87.66 5 0
chat_distribuido/controladores/web_socket_controller.go:87.66,106.17 4 0
chat_distribuido/controladores/web_socket_controller.go:106.17,108.4 1 0
chat_distribuido/controladores/web_socket_controller.go:109.8,109.73 1 0
chat_distribuido/controladores/web_socket_controller.go:109.73,113.3 2 0
chat_distribuido/controladores/web_socket_controller.go:113.8,113.23 1 0
chat_distribuido/controladores/web_socket_controller.go:113.23,124.17 2 0
chat_distribuido/controladores/web_socket_controller.go:124.17,128.4 3 0
chat_distribuido/controladores/web_socket_controller.go:129.8,129.42 1 0
chat_distribuido/controladores/web_socket_controller.go:129.42,142.17 2 0
chat_distribuido/controladores/web_socket_controller.go:142.17,144.4 1 0
chat_distribuido/controladores/web_socket_controller.go:148.2,149.73 2 0
chat_distribuido/controladores/web_socket_controller.go:149.73,157.3 4 0
chat_distribuido/controladores/web_socket_controller.go:159.2,160.16 2 0
chat_distribuido/controladores/web_socket_controller.go:160.16,163.3 2 0
chat_distribuido/controladores/web_socket_controller.go:165.2,180.23 5 0
chat_distribuido/utils/jwt.go:14.13,18.23 3 1
chat_distribuido/utils/jwt.go:18.23,21.3 2 1
chat_distribuido/utils/jwt.go:22.2,25.22 3 0
chat_distribuido/utils/jwt.go:25.22,28.3 2 0
chat_distribuido/utils/jwt.go:29.2,30.38 2 0
chat_distribuido/utils/jwt.go:33.32,35.2 1 1
chat_distribuido/utils/jwt.go:38.33,40.2 1 1
chat_distribuido/utils/jwt.go:43.65,52.2 2 1
chat_distribuido/utils/jwt.go:55.81,56.83 1 1
chat_distribuido/utils/jwt.go:56.83,58.58 1 1
chat_distribuido/utils/jwt.go:58.58,60.4 1 0
chat_distribuido/utils/jwt.go:61.3,61.29 1 1
chat_distribuido/utils/jwt.go:64.2,64.16 1 1
chat_distribuido/utils/jwt.go:64.16,66.3 1 1
chat_distribuido/utils/jwt.go:68.2,68.67 1 1
chat_distribuido/utils/jwt.go:68.67,70.3 1 1
chat_distribuido/utils/jwt.go:72.2,72.44 1 0
chat_distribuido/utils/jwt.go:76.55,84.2 2 1
chat_distribuido/utils/jwt.go:87.80,88.83 1 1
chat_distribuido/utils/jwt.go:88.83,90.58 1 1
chat_distribuido/utils/jwt.go:90.58,92.4 1 0
chat_distribuido/utils/jwt.go:93.3,93.28 1 1
chat_distribuido/utils/jwt.go:96.2,96.16 1 1
chat_distribuido/utils/jwt.go:96.16,98.3 1 1
chat_distribuido/utils/jwt.go:100.2,100.67 1 1
chat_distribuido/utils/jwt.go:100.67,102.3 1 1
chat_distribuido/utils/jwt.go:104.2,104.44 1 0
chat_distribuido/utils/seguridad.go:9.59,12.2 2 1
chat_distribuido/utils/seguridad.go:14.56,15.23 1 1
chat_distribuido/utils/seguridad.go:15.23,17.3 1 1
chat_distribuido/utils/seguridad.go:18.2,18.16 1 1
chat_distribuido/utils/seguridad.go:18.16,20.3 1 1
chat_distribuido/utils/seguridad.go:22.2,23.16 2 1
chat_distribuido/utils/seguridad.go:23.16,25.3 1 1
chat_distribuido/utils/seguridad.go:26.2,26.12 1 1
